[debug] [2023-05-25T15:44:07.936Z] ----------------------------------------------------------------------
[debug] [2023-05-25T15:44:07.938Z] Command:       /home/oscar/.nvm/versions/node/v18.16.0/bin/node /home/oscar/.nvm/versions/node/v18.16.0/bin/firebase init
[debug] [2023-05-25T15:44:07.938Z] CLI Version:   12.2.1
[debug] [2023-05-25T15:44:07.938Z] Platform:      linux
[debug] [2023-05-25T15:44:07.938Z] Node Version:  v18.16.0
[debug] [2023-05-25T15:44:07.939Z] Time:          Thu May 25 2023 16:44:07 GMT+0100 (British Summer Time)
[debug] [2023-05-25T15:44:07.939Z] ----------------------------------------------------------------------
[debug] 
[debug] [2023-05-25T15:44:07.942Z] > command requires scopes: ["email","openid","https://www.googleapis.com/auth/cloudplatformprojects.readonly","https://www.googleapis.com/auth/firebase","https://www.googleapis.com/auth/cloud-platform"]
[debug] [2023-05-25T15:44:07.943Z] > authorizing via signed-in user (oslicha.chan@gmail.com)
[info] 
     ######## #### ########  ######## ########     ###     ######  ########
     ##        ##  ##     ## ##       ##     ##  ##   ##  ##       ##
     ######    ##  ########  ######   ########  #########  ######  ######
     ##        ##  ##    ##  ##       ##     ## ##     ##       ## ##
     ##       #### ##     ## ######## ########  ##     ##  ######  ########

You're about to initialize a Firebase project in this directory:

  /home/oscar/OdinProject/firebase-course

[info] 
=== Project Setup
[info] 
[info] First, let's associate this project directory with a Firebase project.
[info] You can create multiple project aliases by running firebase use --add, 
[info] but for now we'll just set up a default project.
[info] 
[debug] [2023-05-25T15:44:37.208Z] >>> [apiv2][query] GET https://firebase.googleapis.com/v1beta1/projects pageSize=100
[debug] [2023-05-25T15:44:37.673Z] <<< [apiv2][status] GET https://firebase.googleapis.com/v1beta1/projects 200
[debug] [2023-05-25T15:44:37.673Z] <<< [apiv2][body] GET https://firebase.googleapis.com/v1beta1/projects [omitted]
[info] i  Using project fir-course-bbad9 (firebase-course) 
[info] 
=== Hosting Setup
[info] 
[info] Your public directory is the folder (relative to your project directory) that
[info] will contain Hosting assets to be uploaded with firebase deploy. If you
[info] have a build process for your assets, use your build's output directory.
[info] 
[info] ✔  Wrote public/404.html 
[debug] [2023-05-25T15:45:37.699Z] >>> [apiv2][query] GET https://www.gstatic.com/firebasejs/releases.json [none]
[debug] [2023-05-25T15:45:37.755Z] <<< [apiv2][status] GET https://www.gstatic.com/firebasejs/releases.json 200
[debug] [2023-05-25T15:45:37.755Z] <<< [apiv2][body] GET https://www.gstatic.com/firebasejs/releases.json {"current":{"version":"9.22.0","browserURL":"https://www.gstatic.com/firebasejs/9.22.0/firebase.js","packageURL":"https://www.gstatic.com/firebasejs/9.22.0/firebase.tgz"},"live":{"version":"9.22","browserURL":"https://www.gstatic.com/firebasejs/live/9.22/firebase.js","packageURL":"https://www.gstatic.com/firebasejs/live/9.22/firebase.tgz"},"components":{"analytics":"https://www.gstatic.com/firebasejs/9.22.0/firebase-analytics.js","app":"https://www.gstatic.com/firebasejs/9.22.0/firebase-app.js","app-check":"https://www.gstatic.com/firebasejs/9.22.0/firebase-app-check.js","auth":"https://www.gstatic.com/firebasejs/9.22.0/firebase-auth.js","auth/cordova":"https://www.gstatic.com/firebasejs/9.22.0/firebase-auth/cordova.js","auth/react-native":"https://www.gstatic.com/firebasejs/9.22.0/firebase-auth/react-native.js","functions":"https://www.gstatic.com/firebasejs/9.22.0/firebase-functions.js","firestore":"https://www.gstatic.com/firebasejs/9.22.0/firebase-firestore.js","firestore/lite":"https://www.gstatic.com/firebasejs/9.22.0/firebase-firestore/lite.js","installations":"https://www.gstatic.com/firebasejs/9.22.0/firebase-installations.js","storage":"https://www.gstatic.com/firebasejs/9.22.0/firebase-storage.js","performance":"https://www.gstatic.com/firebasejs/9.22.0/firebase-performance.js","remote-config":"https://www.gstatic.com/firebasejs/9.22.0/firebase-remote-config.js","messaging":"https://www.gstatic.com/firebasejs/9.22.0/firebase-messaging.js","messaging/sw":"https://www.gstatic.com/firebasejs/9.22.0/firebase-messaging/sw.js","database":"https://www.gstatic.com/firebasejs/9.22.0/firebase-database.js","firestore.memory":"https://www.gstatic.com/firebasejs/9.22.0/firebase-firestore.memory.js"}}
[info] i  Skipping write of public/index.html 
[info] 
[info] i  Detected a .git folder at /home/oscar/OdinProject/firebase-course 
[info] i  Authorizing with GitHub to upload your service account to a GitHub repository's secrets store. 
[info] 
[info] Visit this URL on this device to log in:
[info] https://github.com/login/oauth/authorize?client_id=89cf50f02ac6aaed3484&state=574846802&redirect_uri=http%3A%2F%2Flocalhost%3A9005&scope=read%3Auser%20repo%20public_repo
[info] 
[info] Waiting for authentication...
[debug] [2023-05-25T15:46:09.116Z] >>> [apiv2][query] POST https://github.com/login/oauth/access_token [none]
[debug] [2023-05-25T15:46:09.116Z] >>> [apiv2][body] POST https://github.com/login/oauth/access_token [stream]
[debug] [2023-05-25T15:46:09.403Z] <<< [apiv2][status] POST https://github.com/login/oauth/access_token 200
[debug] [2023-05-25T15:46:09.403Z] <<< [apiv2][body] POST https://github.com/login/oauth/access_token {"access_token":"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","token_type":"bearer","scope":"read:user,repo"}
[debug] [2023-05-25T15:46:09.407Z] >>> [apiv2][query] GET https://api.github.com/user [none]
[debug] [2023-05-25T15:46:09.703Z] <<< [apiv2][status] GET https://api.github.com/user 200
[debug] [2023-05-25T15:46:09.703Z] <<< [apiv2][body] GET https://api.github.com/user {"login":"OscarSoanes","id":20488559,"node_id":"MDQ6VXNlcjIwNDg4NTU5","avatar_url":"https://avatars.githubusercontent.com/u/20488559?v=4","gravatar_id":"","url":"https://api.github.com/users/OscarSoanes","html_url":"https://github.com/OscarSoanes","followers_url":"https://api.github.com/users/OscarSoanes/followers","following_url":"https://api.github.com/users/OscarSoanes/following{/other_user}","gists_url":"https://api.github.com/users/OscarSoanes/gists{/gist_id}","starred_url":"https://api.github.com/users/OscarSoanes/starred{/owner}{/repo}","subscriptions_url":"https://api.github.com/users/OscarSoanes/subscriptions","organizations_url":"https://api.github.com/users/OscarSoanes/orgs","repos_url":"https://api.github.com/users/OscarSoanes/repos","events_url":"https://api.github.com/users/OscarSoanes/events{/privacy}","received_events_url":"https://api.github.com/users/OscarSoanes/received_events","type":"User","site_admin":false,"name":"Oscar Soanes","company":null,"blog":"https://www.linkedin.com/in/oscarsoanes/","location":"United Kingdom","email":null,"hireable":null,"bio":"Graduate student passionate about front-end web development\r\n|\r\nSeeking opportunities to grow as a developer and explore the realms of full stack development","twitter_username":"OscarSoanes","public_repos":27,"public_gists":0,"followers":2,"following":1,"created_at":"2016-07-16T09:35:28Z","updated_at":"2023-05-23T13:09:29Z","private_gists":0,"total_private_repos":11,"owned_private_repos":11,"disk_usage":47407,"collaborators":4,"two_factor_authentication":true,"plan":{"name":"pro","space":976562499,"collaborators":0,"private_repos":9999}}
[info] 
[info] ✔  Success! Logged into GitHub as OscarSoanes 
[info] 
